# JRE version: OpenJDK Runtime Environment (8.0_152-b01) (build 1.8.0_152-release-915-b01)
# Java VM: OpenJDK 64-Bit Server VM (25.152-b01 mixed mode linux-amd64 compressed oops)
Heap:
 PSYoungGen      total 384000K, used 0K [0x00000000e0000000, 0x0000000100000000, 0x0000000100000000)
  eden space 243712K, 0% used [0x00000000e0000000,0x00000000e0000000,0x00000000eee00000)
  from space 140288K, 0% used [0x00000000eee00000,0x00000000eee00000,0x00000000f7700000)
  to   space 136704K, 0% used [0x00000000f7a80000,0x00000000f7a80000,0x0000000100000000)
 ParOldGen       total 727552K, used 703973K [0x00000000a0000000, 0x00000000cc680000, 0x00000000e0000000)
  object space 727552K, 96% used [0x00000000a0000000,0x00000000caf794a8,0x00000000cc680000)
 Metaspace       used 107140K, capacity 114785K, committed 115160K, reserved 1148928K
  class space    used 13207K, capacity 14994K, committed 15104K, reserved 1048576K
GC Heap History (10 events):
Event: 5643.077 GC heap after
Heap after GC invocations=73 (full 8):
 PSYoungGen      total 351744K, used 75186K [0x00000000e0000000, 0x0000000100000000, 0x0000000100000000)
  eden space 276480K, 0% used [0x00000000e0000000,0x00000000e0000000,0x00000000f0e00000)
  from space 75264K, 99% used [0x00000000f0e00000,0x00000000f576c8c8,0x00000000f5780000)
  to   space 130560K, 0% used [0x00000000f8080000,0x00000000f8080000,0x0000000100000000)
 ParOldGen       total 727552K, used 512419K [0x00000000a0000000, 0x00000000cc680000, 0x00000000e0000000)
  object space 727552K, 70% used [0x00000000a0000000,0x00000000bf468fc0,0x00000000cc680000)
 Metaspace       used 103369K, capacity 110737K, committed 111960K, reserved 1146880K
  class space    used 12750K, capacity 14464K, committed 14976K, reserved 1048576K
}
Event: 5644.605 GC heap before
{Heap before GC invocations=74 (full 8):
 PSYoungGen      total 351744K, used 351666K [0x00000000e0000000, 0x0000000100000000, 0x0000000100000000)
  eden space 276480K, 100% used [0x00000000e0000000,0x00000000f0e00000,0x00000000f0e00000)
  from space 75264K, 99% used [0x00000000f0e00000,0x00000000f576c8c8,0x00000000f5780000)
  to   space 130560K, 0% used [0x00000000f8080000,0x00000000f8080000,0x0000000100000000)
 ParOldGen       total 727552K, used 512419K [0x00000000a0000000, 0x00000000cc680000, 0x00000000e0000000)
  object space 727552K, 70% used [0x00000000a0000000,0x00000000bf468fc0,0x00000000cc680000)
 Metaspace       used 103418K, capacity 110831K, committed 112216K, reserved 1146880K
  class space    used 12753K, capacity 14469K, committed 14976K, reserved 1048576K
Event: 5644.673 GC heap after
Heap after GC invocations=74 (full 8):
 PSYoungGen      total 398336K, used 9685K [0x00000000e0000000, 0x0000000100000000, 0x0000000100000000)
  eden space 267776K, 0% used [0x00000000e0000000,0x00000000e0000000,0x00000000f0580000)
  from space 130560K, 7% used [0x00000000f8080000,0x00000000f89f5408,0x0000000100000000)
  to   space 125952K, 0% used [0x00000000f0580000,0x00000000f0580000,0x00000000f8080000)
 ParOldGen       total 727552K, used 585297K [0x00000000a0000000, 0x00000000cc680000, 0x00000000e0000000)
  object space 727552K, 80% used [0x00000000a0000000,0x00000000c3b94458,0x00000000cc680000)
 Metaspace       used 103418K, capacity 110831K, committed 112216K, reserved 1146880K
  class space    used 12753K, capacity 14469K, committed 14976K, reserved 1048576K
}
Event: 6040.499 GC heap before
{Heap before GC invocations=75 (full 8):
 PSYoungGen      total 398336K, used 277461K [0x00000000e0000000, 0x0000000100000000, 0x0000000100000000)
  eden space 267776K, 100% used [0x00000000e0000000,0x00000000f0580000,0x00000000f0580000)
  from space 130560K, 7% used [0x00000000f8080000,0x00000000f89f5408,0x0000000100000000)
  to   space 125952K, 0% used [0x00000000f0580000,0x00000000f0580000,0x00000000f8080000)
 ParOldGen       total 727552K, used 585297K [0x00000000a0000000, 0x00000000cc680000, 0x00000000e0000000)
  object space 727552K, 80% used [0x00000000a0000000,0x00000000c3b94458,0x00000000cc680000)
 Metaspace       used 104448K, capacity 112129K, committed 112728K, reserved 1146880K
  class space    used 12857K, capacity 14630K, committed 14976K, reserved 1048576K
Event: 6040.536 GC heap after
Heap after GC invocations=75 (full 8):
 PSYoungGen      total 311808K, used 43572K [0x00000000e0000000, 0x00000000ff080000, 0x0000000100000000)
  eden space 267776K, 0% used [0x00000000e0000000,0x00000000e0000000,0x00000000f0580000)
  from space 44032K, 98% used [0x00000000f0580000,0x00000000f300d2d8,0x00000000f3080000)
  to   space 120320K, 0% used [0x00000000f7b00000,0x00000000f7b00000,0x00000000ff080000)
 ParOldGen       total 727552K, used 587169K [0x00000000a0000000, 0x00000000cc680000, 0x00000000e0000000)
  object space 727552K, 80% used [0x00000000a0000000,0x00000000c3d68538,0x00000000cc680000)
 Metaspace       used 104448K, capacity 112129K, committed 112728K, reserved 1146880K
  class space    used 12857K, capacity 14630K, committed 14976K, reserved 1048576K
}
Event: 6041.605 GC heap before
{Heap before GC invocations=76 (full 8):
 PSYoungGen      total 311808K, used 311348K [0x00000000e0000000, 0x00000000ff080000, 0x0000000100000000)
  eden space 267776K, 100% used [0x00000000e0000000,0x00000000f0580000,0x00000000f0580000)
  from space 44032K, 98% used [0x00000000f0580000,0x00000000f300d2d8,0x00000000f3080000)
  to   space 120320K, 0% used [0x00000000f7b00000,0x00000000f7b00000,0x00000000ff080000)
 ParOldGen       total 727552K, used 587169K [0x00000000a0000000, 0x00000000cc680000, 0x00000000e0000000)
  object space 727552K, 80% used [0x00000000a0000000,0x00000000c3d68538,0x00000000cc680000)
 Metaspace       used 107114K, capacity 114767K, committed 115160K, reserved 1148928K
  class space    used 13205K, capacity 14991K, committed 15104K, reserved 1048576K
Event: 6041.711 GC heap after
Heap after GC invocations=76 (full 8):
 PSYoungGen      total 364032K, used 111783K [0x00000000e0000000, 0x0000000100000000, 0x0000000100000000)
  eden space 243712K, 0% used [0x00000000e0000000,0x00000000e0000000,0x00000000eee00000)
  from space 120320K, 92% used [0x00000000f7b00000,0x00000000fe829f10,0x00000000ff080000)
  to   space 140288K, 0% used [0x00000000eee00000,0x00000000eee00000,0x00000000f7700000)
 ParOldGen       total 727552K, used 621891K [0x00000000a0000000, 0x00000000cc680000, 0x00000000e0000000)
  object space 727552K, 85% used [0x00000000a0000000,0x00000000c5f50de0,0x00000000cc680000)
 Metaspace       used 107114K, capacity 114767K, committed 115160K, reserved 1148928K
  class space    used 13205K, capacity 14991K, committed 15104K, reserved 1048576K
}
Event: 6043.336 GC heap before
{Heap before GC invocations=77 (full 8):
 PSYoungGen      total 364032K, used 355495K [0x00000000e0000000, 0x0000000100000000, 0x0000000100000000)
  eden space 243712K, 100% used [0x00000000e0000000,0x00000000eee00000,0x00000000eee00000)
  from space 120320K, 92% used [0x00000000f7b00000,0x00000000fe829f10,0x00000000ff080000)
  to   space 140288K, 0% used [0x00000000eee00000,0x00000000eee00000,0x00000000f7700000)
 ParOldGen       total 727552K, used 621891K [0x00000000a0000000, 0x00000000cc680000, 0x00000000e0000000)
  object space 727552K, 85% used [0x00000000a0000000,0x00000000c5f50de0,0x00000000cc680000)
 Metaspace       used 107140K, capacity 114785K, committed 115160K, reserved 1148928K
  class space    used 13207K, capacity 14994K, committed 15104K, reserved 1048576K
Event: 6043.431 GC heap after
Heap after GC invocations=77 (full 8):
 PSYoungGen      total 384000K, used 6752K [0x00000000e0000000, 0x0000000100000000, 0x0000000100000000)
  eden space 243712K, 0% used [0x00000000e0000000,0x00000000e0000000,0x00000000eee00000)
  from space 140288K, 4% used [0x00000000eee00000,0x00000000ef498310,0x00000000f7700000)
  to   space 136704K, 0% used [0x00000000f7a80000,0x00000000f7a80000,0x0000000100000000)
 ParOldGen       total 727552K, used 722771K [0x00000000a0000000, 0x00000000cc680000, 0x00000000e0000000)
  object space 727552K, 99% used [0x00000000a0000000,0x00000000cc1d4d58,0x00000000cc680000)
 Metaspace       used 107140K, capacity 114785K, committed 115160K, reserved 1148928K
  class space    used 13207K, capacity 14994K, committed 15104K, reserved 1048576K
}
Event: 6043.431 GC heap before
{Heap before GC invocations=78 (full 9):
 PSYoungGen      total 384000K, used 6752K [0x00000000e0000000, 0x0000000100000000, 0x0000000100000000)
  eden space 243712K, 0% used [0x00000000e0000000,0x00000000e0000000,0x00000000eee00000)
  from space 140288K, 4% used [0x00000000eee00000,0x00000000ef498310,0x00000000f7700000)
  to   space 136704K, 0% used [0x00000000f7a80000,0x00000000f7a80000,0x0000000100000000)
 ParOldGen       total 727552K, used 722771K [0x00000000a0000000, 0x00000000cc680000, 0x00000000e0000000)
  object space 727552K, 99% used [0x00000000a0000000,0x00000000cc1d4d58,0x00000000cc680000)
 Metaspace       used 107140K, capacity 114785K, committed 115160K, reserved 1148928K
  class space    used 13207K, capacity 14994K, committed 15104K, reserved 1048576K

