# JRE version: OpenJDK Runtime Environment (8.0_152-b01) (build 1.8.0_152-release-915-b01)
# Java VM: OpenJDK 64-Bit Server VM (25.152-b01 mixed mode linux-amd64 compressed oops)
Heap:
 PSYoungGen      total 376320K, used 0K [0x00000000e0000000, 0x0000000100000000, 0x0000000100000000)
  eden space 228352K, 0% used [0x00000000e0000000,0x00000000e0000000,0x00000000edf00000)
  from space 147968K, 0% used [0x00000000edf00000,0x00000000edf00000,0x00000000f6f80000)
  to   space 144384K, 0% used [0x00000000f7300000,0x00000000f7300000,0x0000000100000000)
 ParOldGen       total 738816K, used 701531K [0x00000000a0000000, 0x00000000cd180000, 0x00000000e0000000)
  object space 738816K, 94% used [0x00000000a0000000,0x00000000cad16db0,0x00000000cd180000)
 Metaspace       used 106244K, capacity 112097K, committed 112600K, reserved 1146880K
  class space    used 13039K, capacity 14444K, committed 14592K, reserved 1048576K
GC Heap History (10 events):
Event: 10836.355 GC heap after
Heap after GC invocations=70 (full 9):
 PSYoungGen      total 377856K, used 7926K [0x00000000e0000000, 0x0000000100000000, 0x0000000100000000)
  eden space 231424K, 0% used [0x00000000e0000000,0x00000000e0000000,0x00000000ee200000)
  from space 146432K, 5% used [0x00000000ee200000,0x00000000ee9bd8e0,0x00000000f7100000)
  to   space 142336K, 0% used [0x00000000f7500000,0x00000000f7500000,0x0000000100000000)
 ParOldGen       total 738816K, used 580910K [0x00000000a0000000, 0x00000000cd180000, 0x00000000e0000000)
  object space 738816K, 78% used [0x00000000a0000000,0x00000000c374ba40,0x00000000cd180000)
 Metaspace       used 102514K, capacity 108187K, committed 108376K, reserved 1144832K
  class space    used 12593K, capacity 13937K, committed 13952K, reserved 1048576K
}
Event: 10837.537 GC heap before
{Heap before GC invocations=71 (full 9):
 PSYoungGen      total 377856K, used 239350K [0x00000000e0000000, 0x0000000100000000, 0x0000000100000000)
  eden space 231424K, 100% used [0x00000000e0000000,0x00000000ee200000,0x00000000ee200000)
  from space 146432K, 5% used [0x00000000ee200000,0x00000000ee9bd8e0,0x00000000f7100000)
  to   space 142336K, 0% used [0x00000000f7500000,0x00000000f7500000,0x0000000100000000)
 ParOldGen       total 738816K, used 580910K [0x00000000a0000000, 0x00000000cd180000, 0x00000000e0000000)
  object space 738816K, 78% used [0x00000000a0000000,0x00000000c374ba40,0x00000000cd180000)
 Metaspace       used 102578K, capacity 108293K, committed 108376K, reserved 1144832K
  class space    used 12596K, capacity 13944K, committed 13952K, reserved 1048576K
Event: 10837.555 GC heap after
Heap after GC invocations=71 (full 9):
 PSYoungGen      total 366592K, used 5063K [0x00000000e0000000, 0x00000000ff500000, 0x0000000100000000)
  eden space 235520K, 0% used [0x00000000e0000000,0x00000000e0000000,0x00000000ee600000)
  from space 131072K, 3% used [0x00000000f7500000,0x00000000f79f1c78,0x00000000ff500000)
  to   space 138752K, 0% used [0x00000000ee600000,0x00000000ee600000,0x00000000f6d80000)
 ParOldGen       total 738816K, used 586955K [0x00000000a0000000, 0x00000000cd180000, 0x00000000e0000000)
  object space 738816K, 79% used [0x00000000a0000000,0x00000000c3d32d60,0x00000000cd180000)
 Metaspace       used 102578K, capacity 108293K, committed 108376K, reserved 1144832K
  class space    used 12596K, capacity 13944K, committed 13952K, reserved 1048576K
}
Event: 10866.373 GC heap before
{Heap before GC invocations=72 (full 9):
 PSYoungGen      total 366592K, used 240583K [0x00000000e0000000, 0x00000000ff500000, 0x0000000100000000)
  eden space 235520K, 100% used [0x00000000e0000000,0x00000000ee600000,0x00000000ee600000)
  from space 131072K, 3% used [0x00000000f7500000,0x00000000f79f1c78,0x00000000ff500000)
  to   space 138752K, 0% used [0x00000000ee600000,0x00000000ee600000,0x00000000f6d80000)
 ParOldGen       total 738816K, used 586955K [0x00000000a0000000, 0x00000000cd180000, 0x00000000e0000000)
  object space 738816K, 79% used [0x00000000a0000000,0x00000000c3d32d60,0x00000000cd180000)
 Metaspace       used 103635K, capacity 109573K, committed 109912K, reserved 1144832K
  class space    used 12703K, capacity 14102K, committed 14208K, reserved 1048576K
Event: 10866.415 GC heap after
Heap after GC invocations=72 (full 9):
 PSYoungGen      total 374272K, used 51933K [0x00000000e0000000, 0x00000000ffd80000, 0x0000000100000000)
  eden space 235520K, 0% used [0x00000000e0000000,0x00000000e0000000,0x00000000ee600000)
  from space 138752K, 37% used [0x00000000ee600000,0x00000000f18b7418,0x00000000f6d80000)
  to   space 133632K, 0% used [0x00000000f7b00000,0x00000000f7b00000,0x00000000ffd80000)
 ParOldGen       total 738816K, used 588063K [0x00000000a0000000, 0x00000000cd180000, 0x00000000e0000000)
  object space 738816K, 79% used [0x00000000a0000000,0x00000000c3e47e30,0x00000000cd180000)
 Metaspace       used 103635K, capacity 109573K, committed 109912K, reserved 1144832K
  class space    used 12703K, capacity 14102K, committed 14208K, reserved 1048576K
}
Event: 10867.384 GC heap before
{Heap before GC invocations=73 (full 9):
 PSYoungGen      total 374272K, used 287453K [0x00000000e0000000, 0x00000000ffd80000, 0x0000000100000000)
  eden space 235520K, 100% used [0x00000000e0000000,0x00000000ee600000,0x00000000ee600000)
  from space 138752K, 37% used [0x00000000ee600000,0x00000000f18b7418,0x00000000f6d80000)
  to   space 133632K, 0% used [0x00000000f7b00000,0x00000000f7b00000,0x00000000ffd80000)
 ParOldGen       total 738816K, used 588063K [0x00000000a0000000, 0x00000000cd180000, 0x00000000e0000000)
  object space 738816K, 79% used [0x00000000a0000000,0x00000000c3e47e30,0x00000000cd180000)
 Metaspace       used 106293K, capacity 112241K, committed 112600K, reserved 1146880K
  class space    used 13050K, capacity 14468K, committed 14592K, reserved 1048576K
Event: 10867.548 GC heap after
Heap after GC invocations=73 (full 9):
 PSYoungGen      total 361984K, used 102880K [0x00000000e0000000, 0x0000000100000000, 0x0000000100000000)
  eden space 228352K, 0% used [0x00000000e0000000,0x00000000e0000000,0x00000000edf00000)
  from space 133632K, 76% used [0x00000000f7b00000,0x00000000fdf78040,0x00000000ffd80000)
  to   space 147968K, 0% used [0x00000000edf00000,0x00000000edf00000,0x00000000f6f80000)
 ParOldGen       total 738816K, used 631476K [0x00000000a0000000, 0x00000000cd180000, 0x00000000e0000000)
  object space 738816K, 85% used [0x00000000a0000000,0x00000000c68ad010,0x00000000cd180000)
 Metaspace       used 106293K, capacity 112241K, committed 112600K, reserved 1146880K
  class space    used 13050K, capacity 14468K, committed 14592K, reserved 1048576K
}
Event: 10869.222 GC heap before
{Heap before GC invocations=74 (full 9):
 PSYoungGen      total 361984K, used 331232K [0x00000000e0000000, 0x0000000100000000, 0x0000000100000000)
  eden space 228352K, 100% used [0x00000000e0000000,0x00000000edf00000,0x00000000edf00000)
  from space 133632K, 76% used [0x00000000f7b00000,0x00000000fdf78040,0x00000000ffd80000)
  to   space 147968K, 0% used [0x00000000edf00000,0x00000000edf00000,0x00000000f6f80000)
 ParOldGen       total 738816K, used 631476K [0x00000000a0000000, 0x00000000cd180000, 0x00000000e0000000)
  object space 738816K, 85% used [0x00000000a0000000,0x00000000c68ad010,0x00000000cd180000)
 Metaspace       used 106330K, capacity 112241K, committed 112600K, reserved 1146880K
  class space    used 13051K, capacity 14468K, committed 14592K, reserved 1048576K
Event: 10869.385 GC heap after
Heap after GC invocations=74 (full 9):
 PSYoungGen      total 376320K, used 5920K [0x00000000e0000000, 0x0000000100000000, 0x0000000100000000)
  eden space 228352K, 0% used [0x00000000e0000000,0x00000000e0000000,0x00000000edf00000)
  from space 147968K, 4% used [0x00000000edf00000,0x00000000ee4c8260,0x00000000f6f80000)
  to   space 144384K, 0% used [0x00000000f7300000,0x00000000f7300000,0x0000000100000000)
 ParOldGen       total 738816K, used 722401K [0x00000000a0000000, 0x00000000cd180000, 0x00000000e0000000)
  object space 738816K, 97% used [0x00000000a0000000,0x00000000cc178780,0x00000000cd180000)
 Metaspace       used 106330K, capacity 112241K, committed 112600K, reserved 1146880K
  class space    used 13051K, capacity 14468K, committed 14592K, reserved 1048576K
}
Event: 10869.385 GC heap before
{Heap before GC invocations=75 (full 10):
 PSYoungGen      total 376320K, used 5920K [0x00000000e0000000, 0x0000000100000000, 0x0000000100000000)
  eden space 228352K, 0% used [0x00000000e0000000,0x00000000e0000000,0x00000000edf00000)
  from space 147968K, 4% used [0x00000000edf00000,0x00000000ee4c8260,0x00000000f6f80000)
  to   space 144384K, 0% used [0x00000000f7300000,0x00000000f7300000,0x0000000100000000)
 ParOldGen       total 738816K, used 722401K [0x00000000a0000000, 0x00000000cd180000, 0x00000000e0000000)
  object space 738816K, 97% used [0x00000000a0000000,0x00000000cc178780,0x00000000cd180000)
 Metaspace       used 106330K, capacity 112241K, committed 112600K, reserved 1146880K
  class space    used 13051K, capacity 14468K, committed 14592K, reserved 1048576K

